<?xml version="1.0" encoding="UTF-8"?>
<!-- Generated by org.testng.reporters.JUnitReportReporter -->
<testsuite hostname="LAPTOP-7N09RMVM" failures="0" tests="2" name="tests.LoginTest" time="23.362" errors="0" timestamp="2021-07-12T16:58:41 IST" skipped="0">
  <testcase classname="tests.LoginTest" name="loginPageTitleTest" time="11.316"/>
  <system-out/>
  <testcase classname="tests.LoginTest" name="loginTest" time="12.046"/>
  <system-out/>
</testsuite> <!-- tests.LoginTest -->
