<?xml version="1.0" encoding="UTF-8"?>
<!-- Generated by org.testng.reporters.JUnitReportReporter -->
<testsuite hostname="LAPTOP-7N09RMVM" failures="0" tests="1" name="tests.AnnouncementTest" time="24.050" errors="0" timestamp="2021-07-13T16:29:31 IST" skipped="0">
  <testcase classname="tests.AnnouncementTest" name="NavigationPage" time="24.050"/>
  <system-out/>
</testsuite> <!-- tests.AnnouncementTest -->
