<?xml version="1.0" encoding="UTF-8"?>
<!-- Generated by org.testng.reporters.JUnitReportReporter -->
<testsuite hostname="LAPTOP-7N09RMVM" failures="0" tests="1" name="tests.LoginDDFTest" time="14.332" errors="0" timestamp="2021-07-12T16:56:55 IST" skipped="0">
  <testcase classname="tests.LoginDDFTest" name="createnewlogin" time="14.332"/>
  <system-out/>
</testsuite> <!-- tests.LoginDDFTest -->
